<?xml version="1.0" encoding="UTF-8"?>
<testng-results ignored="0" total="1" passed="1" failed="0" skipped="0">
  <reporter-output>
  </reporter-output>
  <suite started-at="2025-09-02T13:23:02 IST" name="LoginSuite" finished-at="2025-09-02T13:23:09 IST" duration-ms="7301">
    <groups>
    </groups>
    <test started-at="2025-09-02T13:23:02 IST" name="LoginTests" finished-at="2025-09-02T13:23:09 IST" duration-ms="7301">
      <class name="tests.LoginTest">
        <test-method is-config="true" signature="setUp()[pri:0, instance:tests.LoginTest@4c371370]" started-at="2025-09-02T13:23:02 IST" name="setUp" finished-at="2025-09-02T13:23:06 IST" duration-ms="4064" status="PASS">
          <reporter-output>
          </reporter-output>
        </test-method> <!-- setUp -->
        <test-method signature="testValidLogin()[pri:0, instance:tests.LoginTest@4c371370]" started-at="2025-09-02T13:23:06 IST" name="testValidLogin" finished-at="2025-09-02T13:23:09 IST" duration-ms="3184" status="PASS">
          <reporter-output>
          </reporter-output>
        </test-method> <!-- testValidLogin -->
      </class> <!-- tests.LoginTest -->
    </test> <!-- LoginTests -->
  </suite> <!-- LoginSuite -->
</testng-results>
